This file contains any messages produced by compilers while
running configure, to aid debugging if configure makes a mistake.

It was created by configure, which was
generated by GNU Autoconf 2.69.  Invocation command line was

  $ ./configure --no-create --no-recursion

## --------- ##
## Platform. ##
## --------- ##

hostname = clay-TECRA-R850
uname -m = x86_64
uname -r = 4.13.0-16-generic
uname -s = Linux
uname -v = #19-Ubuntu SMP Wed Oct 11 18:35:14 UTC 2017

/usr/bin/uname -p = unknown
/bin/uname -X     = unknown

/bin/arch              = unknown
/usr/bin/arch -k       = unknown
/usr/convex/getsysinfo = unknown
/usr/bin/hostinfo      = unknown
/bin/machine           = unknown
/usr/bin/oslevel       = unknown
/bin/universe          = unknown

PATH: /usr/local/sbin
PATH: /usr/local/bin
PATH: /usr/sbin
PATH: /usr/bin
PATH: /sbin
PATH: /bin
PATH: /usr/games
PATH: /usr/local/games
PATH: /snap/bin


## ----------- ##
## Core tests. ##
## ----------- ##

configure:2475: checking for a BSD-compatible install
configure:2543: result: /usr/bin/install -c
configure:2554: checking whether build environment is sane
configure:2604: result: yes
configure:2745: checking for a thread-safe mkdir -p
configure:2784: result: /bin/mkdir -p
configure:2797: checking for gawk
configure:2813: found /usr/bin/gawk
configure:2824: result: gawk
configure:2835: checking whether make sets $(MAKE)
configure:2857: result: yes
configure:2938: checking major version
configure:2940: result: 0
configure:2942: checking minor version
configure:2944: result: 0
configure:2946: checking patchlevel
configure:2948: result: 4
configure:2955: checking whether make sets $(MAKE)
configure:2977: result: yes
configure:3034: checking for gcc
configure:3050: found /usr/bin/gcc
configure:3061: result: gcc
configure:3290: checking for C compiler version
configure:3299: gcc --version >&5
gcc (Ubuntu 7.2.0-8ubuntu3) 7.2.0
Copyright (C) 2017 Free Software Foundation, Inc.
This is free software; see the source for copying conditions.  There is NO
warranty; not even for MERCHANTABILITY or FITNESS FOR A PARTICULAR PURPOSE.

configure:3310: $? = 0
configure:3299: gcc -v >&5
Using built-in specs.
COLLECT_GCC=gcc
COLLECT_LTO_WRAPPER=/usr/lib/gcc/x86_64-linux-gnu/7/lto-wrapper
OFFLOAD_TARGET_NAMES=nvptx-none
OFFLOAD_TARGET_DEFAULT=1
Target: x86_64-linux-gnu
Configured with: ../src/configure -v --with-pkgversion='Ubuntu 7.2.0-8ubuntu3' --with-bugurl=file:///usr/share/doc/gcc-7/README.Bugs --enable-languages=c,ada,c++,go,brig,d,fortran,objc,obj-c++ --prefix=/usr --with-gcc-major-version-only --program-suffix=-7 --program-prefix=x86_64-linux-gnu- --enable-shared --enable-linker-build-id --libexecdir=/usr/lib --without-included-gettext --enable-threads=posix --libdir=/usr/lib --enable-nls --with-sysroot=/ --enable-clocale=gnu --enable-libstdcxx-debug --enable-libstdcxx-time=yes --with-default-libstdcxx-abi=new --enable-gnu-unique-object --disable-vtable-verify --enable-libmpx --enable-plugin --enable-default-pie --with-system-zlib --with-target-system-zlib --enable-objc-gc=auto --enable-multiarch --disable-werror --with-arch-32=i686 --with-abi=m64 --with-multilib-list=m32,m64,mx32 --enable-multilib --with-tune=generic --enable-offload-targets=nvptx-none --without-cuda-driver --enable-checking=release --build=x86_64-linux-gnu --host=x86_64-linux-gnu --target=x86_64-linux-gnu
Thread model: posix
gcc version 7.2.0 (Ubuntu 7.2.0-8ubuntu3) 
configure:3310: $? = 0
configure:3299: gcc -V >&5
gcc: error: unrecognized command line option '-V'
gcc: fatal error: no input files
compilation terminated.
configure:3310: $? = 1
configure:3299: gcc -qversion >&5
gcc: error: unrecognized command line option '-qversion'; did you mean '--version'?
gcc: fatal error: no input files
compilation terminated.
configure:3310: $? = 1
configure:3330: checking whether the C compiler works
configure:3352: gcc    conftest.c  >&5
configure:3356: $? = 0
configure:3404: result: yes
configure:3407: checking for C compiler default output file name
configure:3409: result: a.out
configure:3415: checking for suffix of executables
configure:3422: gcc -o conftest    conftest.c  >&5
configure:3426: $? = 0
configure:3448: result: 
configure:3470: checking whether we are cross compiling
configure:3478: gcc -o conftest    conftest.c  >&5
configure:3482: $? = 0
configure:3489: ./conftest
configure:3493: $? = 0
configure:3508: result: no
configure:3513: checking for suffix of object files
configure:3535: gcc -c   conftest.c >&5
configure:3539: $? = 0
configure:3560: result: o
configure:3564: checking whether we are using the GNU C compiler
configure:3583: gcc -c   conftest.c >&5
configure:3583: $? = 0
configure:3592: result: yes
configure:3601: checking whether gcc accepts -g
configure:3621: gcc -c -g  conftest.c >&5
configure:3621: $? = 0
configure:3662: result: yes
configure:3679: checking for gcc option to accept ISO C89
configure:3742: gcc  -c -g -O2  conftest.c >&5
configure:3742: $? = 0
configure:3755: result: none needed
configure:3786: checking for style of include used by make
configure:3814: result: GNU
configure:3839: checking dependency style of gcc
configure:3949: result: gcc3
configure:3969: checking how to run the C preprocessor
configure:4000: gcc -E  conftest.c
configure:4000: $? = 0
configure:4014: gcc -E  conftest.c
conftest.c:11:10: fatal error: ac_nonexistent.h: No such file or directory
 #include <ac_nonexistent.h>
          ^~~~~~~~~~~~~~~~~~
compilation terminated.
configure:4014: $? = 1
configure: failed program was:
| /* confdefs.h */
| #define PACKAGE_NAME ""
| #define PACKAGE_TARNAME ""
| #define PACKAGE_VERSION ""
| #define PACKAGE_STRING ""
| #define PACKAGE_BUGREPORT ""
| #define PACKAGE_URL ""
| #define PACKAGE "mkahawa"
| #define VERSION "0.0.4"
| /* end confdefs.h.  */
| #include <ac_nonexistent.h>
configure:4039: result: gcc -E
configure:4059: gcc -E  conftest.c
configure:4059: $? = 0
configure:4073: gcc -E  conftest.c
conftest.c:11:10: fatal error: ac_nonexistent.h: No such file or directory
 #include <ac_nonexistent.h>
          ^~~~~~~~~~~~~~~~~~
compilation terminated.
configure:4073: $? = 1
configure: failed program was:
| /* confdefs.h */
| #define PACKAGE_NAME ""
| #define PACKAGE_TARNAME ""
| #define PACKAGE_VERSION ""
| #define PACKAGE_STRING ""
| #define PACKAGE_BUGREPORT ""
| #define PACKAGE_URL ""
| #define PACKAGE "mkahawa"
| #define VERSION "0.0.4"
| /* end confdefs.h.  */
| #include <ac_nonexistent.h>
configure:4159: checking for g++
configure:4175: found /usr/bin/g++
configure:4186: result: g++
configure:4213: checking for C++ compiler version
configure:4222: g++ --version >&5
g++ (Ubuntu 7.2.0-8ubuntu3) 7.2.0
Copyright (C) 2017 Free Software Foundation, Inc.
This is free software; see the source for copying conditions.  There is NO
warranty; not even for MERCHANTABILITY or FITNESS FOR A PARTICULAR PURPOSE.

configure:4233: $? = 0
configure:4222: g++ -v >&5
Using built-in specs.
COLLECT_GCC=g++
COLLECT_LTO_WRAPPER=/usr/lib/gcc/x86_64-linux-gnu/7/lto-wrapper
OFFLOAD_TARGET_NAMES=nvptx-none
OFFLOAD_TARGET_DEFAULT=1
Target: x86_64-linux-gnu
Configured with: ../src/configure -v --with-pkgversion='Ubuntu 7.2.0-8ubuntu3' --with-bugurl=file:///usr/share/doc/gcc-7/README.Bugs --enable-languages=c,ada,c++,go,brig,d,fortran,objc,obj-c++ --prefix=/usr --with-gcc-major-version-only --program-suffix=-7 --program-prefix=x86_64-linux-gnu- --enable-shared --enable-linker-build-id --libexecdir=/usr/lib --without-included-gettext --enable-threads=posix --libdir=/usr/lib --enable-nls --with-sysroot=/ --enable-clocale=gnu --enable-libstdcxx-debug --enable-libstdcxx-time=yes --with-default-libstdcxx-abi=new --enable-gnu-unique-object --disable-vtable-verify --enable-libmpx --enable-plugin --enable-default-pie --with-system-zlib --with-target-system-zlib --enable-objc-gc=auto --enable-multiarch --disable-werror --with-arch-32=i686 --with-abi=m64 --with-multilib-list=m32,m64,mx32 --enable-multilib --with-tune=generic --enable-offload-targets=nvptx-none --without-cuda-driver --enable-checking=release --build=x86_64-linux-gnu --host=x86_64-linux-gnu --target=x86_64-linux-gnu
Thread model: posix
gcc version 7.2.0 (Ubuntu 7.2.0-8ubuntu3) 
configure:4233: $? = 0
configure:4222: g++ -V >&5
g++: error: unrecognized command line option '-V'
g++: fatal error: no input files
compilation terminated.
configure:4233: $? = 1
configure:4222: g++ -qversion >&5
g++: error: unrecognized command line option '-qversion'; did you mean '--version'?
g++: fatal error: no input files
compilation terminated.
configure:4233: $? = 1
configure:4237: checking whether we are using the GNU C++ compiler
configure:4256: g++ -c   conftest.cpp >&5
configure:4256: $? = 0
configure:4265: result: yes
configure:4274: checking whether g++ accepts -g
configure:4294: g++ -c -g  conftest.cpp >&5
configure:4294: $? = 0
configure:4335: result: yes
configure:4360: checking dependency style of g++
configure:4470: result: gcc3
configure:4486: checking whether NLS is requested
configure:4495: result: yes
configure:4526: checking for intltool-update
configure:4544: found /usr/bin/intltool-update
configure:4556: result: /usr/bin/intltool-update
configure:4566: checking for intltool-merge
configure:4584: found /usr/bin/intltool-merge
configure:4596: result: /usr/bin/intltool-merge
configure:4606: checking for intltool-extract
configure:4624: found /usr/bin/intltool-extract
configure:4636: result: /usr/bin/intltool-extract
configure:4767: checking for xgettext
configure:4785: found /usr/bin/xgettext
configure:4797: result: /usr/bin/xgettext
configure:4807: checking for msgmerge
configure:4825: found /usr/bin/msgmerge
configure:4837: result: /usr/bin/msgmerge
configure:4847: checking for msgfmt
configure:4865: found /usr/bin/msgfmt
configure:4877: result: /usr/bin/msgfmt
configure:4887: checking for gmsgfmt
configure:4918: result: /usr/bin/msgfmt
configure:4938: checking for perl
configure:4956: found /usr/bin/perl
configure:4968: result: /usr/bin/perl
configure:4979: checking for perl >= 5.8.1
configure:4986: result: 5.26.0
configure:4990: checking for XML::Parser
configure:4993: result: ok
configure:5018: gcc -o conftest -g -O2   conftest.c  >&5
configure:5018: $? = 0
configure:5058: checking how to run the C++ preprocessor
configure:5085: g++ -E  conftest.cpp
configure:5085: $? = 0
configure:5099: g++ -E  conftest.cpp
conftest.cpp:11:10: fatal error: ac_nonexistent.h: No such file or directory
 #include <ac_nonexistent.h>
          ^~~~~~~~~~~~~~~~~~
compilation terminated.
configure:5099: $? = 1
configure: failed program was:
| /* confdefs.h */
| #define PACKAGE_NAME ""
| #define PACKAGE_TARNAME ""
| #define PACKAGE_VERSION ""
| #define PACKAGE_STRING ""
| #define PACKAGE_BUGREPORT ""
| #define PACKAGE_URL ""
| #define PACKAGE "mkahawa"
| #define VERSION "0.0.4"
| /* end confdefs.h.  */
| #include <ac_nonexistent.h>
configure:5124: result: g++ -E
configure:5144: g++ -E  conftest.cpp
configure:5144: $? = 0
configure:5158: g++ -E  conftest.cpp
conftest.cpp:11:10: fatal error: ac_nonexistent.h: No such file or directory
 #include <ac_nonexistent.h>
          ^~~~~~~~~~~~~~~~~~
compilation terminated.
configure:5158: $? = 1
configure: failed program was:
| /* confdefs.h */
| #define PACKAGE_NAME ""
| #define PACKAGE_TARNAME ""
| #define PACKAGE_VERSION ""
| #define PACKAGE_STRING ""
| #define PACKAGE_BUGREPORT ""
| #define PACKAGE_URL ""
| #define PACKAGE "mkahawa"
| #define VERSION "0.0.4"
| /* end confdefs.h.  */
| #include <ac_nonexistent.h>
configure:5187: checking for X
configure:5295: g++ -E  conftest.cpp
configure:5295: $? = 0
configure:5326: g++ -o conftest -g -O2   conftest.cpp -lX11  >&5
configure:5326: $? = 0
configure:5376: result: libraries , headers 
configure:5475: g++ -o conftest -g -O2   conftest.cpp   -lX11 >&5
configure:5475: $? = 0
configure:5573: checking for gethostbyname
configure:5573: g++ -o conftest -g -O2   conftest.cpp  >&5
configure:5573: $? = 0
configure:5573: result: yes
configure:5670: checking for connect
configure:5670: g++ -o conftest -g -O2   conftest.cpp  >&5
configure:5670: $? = 0
configure:5670: result: yes
configure:5719: checking for remove
configure:5719: g++ -o conftest -g -O2   conftest.cpp  >&5
configure:5719: $? = 0
configure:5719: result: yes
configure:5768: checking for shmat
configure:5768: g++ -o conftest -g -O2   conftest.cpp  >&5
configure:5768: $? = 0
configure:5768: result: yes
configure:5826: checking for IceConnectionNumber in -lICE
configure:5851: g++ -o conftest -g -O2   conftest.cpp -lICE   >&5
configure:5851: $? = 0
configure:5860: result: yes
configure:5875: checking build system type
configure:5889: result: x86_64-pc-linux-gnu
configure:5909: checking host system type
configure:5922: result: x86_64-pc-linux-gnu
configure:6032: checking for msgfmt
configure:6064: result: /usr/bin/msgfmt
configure:6073: checking for gmsgfmt
configure:6104: result: /usr/bin/msgfmt
configure:6144: checking for xgettext
configure:6176: result: /usr/bin/xgettext
configure:6216: checking for msgmerge
configure:6247: result: /usr/bin/msgmerge
configure:6322: checking for ld used by GCC
configure:6386: result: /usr/bin/ld
configure:6393: checking if the linker (/usr/bin/ld) is GNU ld
configure:6406: result: yes
configure:6413: checking for shared library run path origin
configure:6426: result: done
configure:6842: checking for CFPreferencesCopyAppValue
configure:6862: g++ -o conftest -g -O2  -I/System/Library/Frameworks/CoreFoundation.framework/Headers  conftest.cpp -lccls -lFOX-1.6 -lpthread -framework CoreFoundation >&5
g++: error: CoreFoundation: No such file or directory
g++: error: unrecognized command line option '-framework'
configure:6862: $? = 1
configure: failed program was:
| /* confdefs.h */
| #define PACKAGE_NAME ""
| #define PACKAGE_TARNAME ""
| #define PACKAGE_VERSION ""
| #define PACKAGE_STRING ""
| #define PACKAGE_BUGREPORT ""
| #define PACKAGE_URL ""
| #define PACKAGE "mkahawa"
| #define VERSION "0.0.4"
| /* end confdefs.h.  */
| #include <CFPreferences.h>
| int
| main ()
| {
| CFPreferencesCopyAppValue(NULL, NULL)
|   ;
|   return 0;
| }
configure:6872: result: no
configure:6879: checking for CFLocaleCopyCurrent
configure:6899: g++ -o conftest -g -O2  -I/System/Library/Frameworks/CoreFoundation.framework/Headers  conftest.cpp -lccls -lFOX-1.6 -lpthread -framework CoreFoundation >&5
g++: error: CoreFoundation: No such file or directory
g++: error: unrecognized command line option '-framework'
configure:6899: $? = 1
configure: failed program was:
| /* confdefs.h */
| #define PACKAGE_NAME ""
| #define PACKAGE_TARNAME ""
| #define PACKAGE_VERSION ""
| #define PACKAGE_STRING ""
| #define PACKAGE_BUGREPORT ""
| #define PACKAGE_URL ""
| #define PACKAGE "mkahawa"
| #define VERSION "0.0.4"
| /* end confdefs.h.  */
| #include <CFLocale.h>
| int
| main ()
| {
| CFLocaleCopyCurrent();
|   ;
|   return 0;
| }
configure:6909: result: no
configure:6924: checking whether NLS is requested
configure:6933: result: yes
configure:6951: checking for GNU gettext in libc
configure:6970: g++ -o conftest -g -O2   conftest.cpp -lccls -lFOX-1.6 -lpthread >&5
configure:6970: $? = 0
configure:6978: result: yes
configure:7566: checking whether to use NLS
configure:7568: result: yes
configure:7571: checking where the gettext function comes from
configure:7582: result: libc
configure:7640: checking for fxfindfox in -lFOX-1.6
configure:7665: g++ -o conftest -g -O2   conftest.cpp -lFOX-1.6  -lccls -lFOX-1.6 -lpthread >&5
configure:7665: $? = 0
configure:7674: result: yes
configure:7687: checking for grep that handles long lines and -e
configure:7745: result: /bin/grep
configure:7750: checking for egrep
configure:7812: result: /bin/grep -E
configure:7817: checking for ANSI C header files
configure:7837: g++ -c -g -O2  conftest.cpp >&5
configure:7837: $? = 0
configure:7910: g++ -o conftest -g -O2   conftest.cpp -lFOX-1.6 -lccls -lFOX-1.6 -lpthread >&5
configure:7910: $? = 0
configure:7910: ./conftest
configure:7910: $? = 0
configure:7921: result: yes
configure:7934: checking for sys/types.h
configure:7934: g++ -c -g -O2  conftest.cpp >&5
configure:7934: $? = 0
configure:7934: result: yes
configure:7934: checking for sys/stat.h
configure:7934: g++ -c -g -O2  conftest.cpp >&5
configure:7934: $? = 0
configure:7934: result: yes
configure:7934: checking for stdlib.h
configure:7934: g++ -c -g -O2  conftest.cpp >&5
configure:7934: $? = 0
configure:7934: result: yes
configure:7934: checking for string.h
configure:7934: g++ -c -g -O2  conftest.cpp >&5
configure:7934: $? = 0
configure:7934: result: yes
configure:7934: checking for memory.h
configure:7934: g++ -c -g -O2  conftest.cpp >&5
configure:7934: $? = 0
configure:7934: result: yes
configure:7934: checking for strings.h
configure:7934: g++ -c -g -O2  conftest.cpp >&5
configure:7934: $? = 0
configure:7934: result: yes
configure:7934: checking for inttypes.h
configure:7934: g++ -c -g -O2  conftest.cpp >&5
configure:7934: $? = 0
configure:7934: result: yes
configure:7934: checking for stdint.h
configure:7934: g++ -c -g -O2  conftest.cpp >&5
configure:7934: $? = 0
configure:7934: result: yes
configure:7934: checking for unistd.h
configure:7934: g++ -c -g -O2  conftest.cpp >&5
configure:7934: $? = 0
configure:7934: result: yes
configure:7946: checking fox-1.6/fx.h usability
configure:7946: g++ -c -g -O2  conftest.cpp >&5
configure:7946: $? = 0
configure:7946: result: yes
configure:7946: checking fox-1.6/fx.h presence
configure:7946: g++ -E  conftest.cpp
configure:7946: $? = 0
configure:7946: result: yes
configure:7946: checking for fox-1.6/fx.h
configure:7946: result: yes
configure:7954: checking for CCL_init in -lccls
configure:7979: g++ -o conftest -g -O2   conftest.cpp -lccls  -lFOX-1.6 -lccls -lFOX-1.6 -lpthread >&5
configure:7979: $? = 0
configure:7988: result: yes
configure:8001: checking ccls.h usability
configure:8001: g++ -c -g -O2  conftest.cpp >&5
configure:8001: $? = 0
configure:8001: result: yes
configure:8001: checking ccls.h presence
configure:8001: g++ -E  conftest.cpp
configure:8001: $? = 0
configure:8001: result: yes
configure:8001: checking for ccls.h
configure:8001: result: yes
configure:8186: creating ./config.status

## ---------------- ##
## Cache variables. ##
## ---------------- ##

ac_cv_build=x86_64-pc-linux-gnu
ac_cv_c_compiler_gnu=yes
ac_cv_cxx_compiler_gnu=yes
ac_cv_env_CCC_set=
ac_cv_env_CCC_value=
ac_cv_env_CC_set=
ac_cv_env_CC_value=
ac_cv_env_CFLAGS_set=
ac_cv_env_CFLAGS_value=
ac_cv_env_CPPFLAGS_set=
ac_cv_env_CPPFLAGS_value=
ac_cv_env_CPP_set=
ac_cv_env_CPP_value=
ac_cv_env_CXXCPP_set=
ac_cv_env_CXXCPP_value=
ac_cv_env_CXXFLAGS_set=
ac_cv_env_CXXFLAGS_value=
ac_cv_env_CXX_set=
ac_cv_env_CXX_value=
ac_cv_env_LDFLAGS_set=
ac_cv_env_LDFLAGS_value=
ac_cv_env_LIBS_set=
ac_cv_env_LIBS_value=
ac_cv_env_XMKMF_set=
ac_cv_env_XMKMF_value=
ac_cv_env_build_alias_set=
ac_cv_env_build_alias_value=
ac_cv_env_host_alias_set=
ac_cv_env_host_alias_value=
ac_cv_env_target_alias_set=
ac_cv_env_target_alias_value=
ac_cv_func_connect=yes
ac_cv_func_gethostbyname=yes
ac_cv_func_remove=yes
ac_cv_func_shmat=yes
ac_cv_have_x='have_x=yes	ac_x_includes='\'''\''	ac_x_libraries='\'''\'''
ac_cv_header_ccls_h=yes
ac_cv_header_fox_1_6_fx_h=yes
ac_cv_header_inttypes_h=yes
ac_cv_header_memory_h=yes
ac_cv_header_stdc=yes
ac_cv_header_stdint_h=yes
ac_cv_header_stdlib_h=yes
ac_cv_header_string_h=yes
ac_cv_header_strings_h=yes
ac_cv_header_sys_stat_h=yes
ac_cv_header_sys_types_h=yes
ac_cv_header_unistd_h=yes
ac_cv_host=x86_64-pc-linux-gnu
ac_cv_lib_FOX_1_6_fxfindfox=yes
ac_cv_lib_ICE_IceConnectionNumber=yes
ac_cv_lib_ccls_CCL_init=yes
ac_cv_objext=o
ac_cv_path_EGREP='/bin/grep -E'
ac_cv_path_GMSGFMT=/usr/bin/msgfmt
ac_cv_path_GREP=/bin/grep
ac_cv_path_INTLTOOL_EXTRACT=/usr/bin/intltool-extract
ac_cv_path_INTLTOOL_MERGE=/usr/bin/intltool-merge
ac_cv_path_INTLTOOL_PERL=/usr/bin/perl
ac_cv_path_INTLTOOL_UPDATE=/usr/bin/intltool-update
ac_cv_path_MSGFMT=/usr/bin/msgfmt
ac_cv_path_MSGMERGE=/usr/bin/msgmerge
ac_cv_path_XGETTEXT=/usr/bin/xgettext
ac_cv_path_install='/usr/bin/install -c'
ac_cv_path_mkdir=/bin/mkdir
ac_cv_prog_AWK=gawk
ac_cv_prog_CPP='gcc -E'
ac_cv_prog_CXXCPP='g++ -E'
ac_cv_prog_ac_ct_CC=gcc
ac_cv_prog_ac_ct_CXX=g++
ac_cv_prog_cc_c89=
ac_cv_prog_cc_g=yes
ac_cv_prog_cxx_g=yes
ac_cv_prog_make_make_set=yes
acl_cv_hardcode_direct=no
acl_cv_hardcode_libdir_flag_spec='${wl}-rpath ${wl}$libdir'
acl_cv_hardcode_libdir_separator=
acl_cv_hardcode_minus_L=no
acl_cv_libext=a
acl_cv_path_LD=/usr/bin/ld
acl_cv_prog_gnu_ld=yes
acl_cv_rpath=done
acl_cv_shlibext=so
acl_cv_wl=-Wl,
am_cv_CC_dependencies_compiler_type=gcc3
am_cv_CXX_dependencies_compiler_type=gcc3
gt_cv_func_CFLocaleCopyCurrent=no
gt_cv_func_CFPreferencesCopyAppValue=no
gt_cv_func_gnugettext1_libc=yes

## ----------------- ##
## Output variables. ##
## ----------------- ##

ACLOCAL='${SHELL} /mnt/mnt2/Programs/Money/PointOfSale/mkahawa/git-rep/mkahawa-srv/missing --run aclocal-1.11'
ALL_LINGUAS=''
AMDEPBACKSLASH='\'
AMDEP_FALSE='#'
AMDEP_TRUE=''
AMTAR='${SHELL} /mnt/mnt2/Programs/Money/PointOfSale/mkahawa/git-rep/mkahawa-srv/missing --run tar'
AUTOCONF='${SHELL} /mnt/mnt2/Programs/Money/PointOfSale/mkahawa/git-rep/mkahawa-srv/missing --run autoconf'
AUTOHEADER='${SHELL} /mnt/mnt2/Programs/Money/PointOfSale/mkahawa/git-rep/mkahawa-srv/missing --run autoheader'
AUTOMAKE='${SHELL} /mnt/mnt2/Programs/Money/PointOfSale/mkahawa/git-rep/mkahawa-srv/missing --run automake-1.11'
AWK='gawk'
CC='gcc'
CCDEPMODE='depmode=gcc3'
CFLAGS='-g -O2'
CPP='gcc -E'
CPPFLAGS=''
CXX='g++'
CXXCPP='g++ -E'
CXXDEPMODE='depmode=gcc3'
CXXFLAGS='-g -O2'
CYGPATH_W='echo'
DATADIRNAME='share'
DEFS='-DPACKAGE_NAME=\"\" -DPACKAGE_TARNAME=\"\" -DPACKAGE_VERSION=\"\" -DPACKAGE_STRING=\"\" -DPACKAGE_BUGREPORT=\"\" -DPACKAGE_URL=\"\" -DPACKAGE=\"mkahawa\" -DVERSION=\"0.0.4\" -DENABLE_NLS=1 -DHAVE_GETTEXT=1 -DHAVE_DCGETTEXT=1 -DHAVE_LIBFOX_1_6=1 -DSTDC_HEADERS=1 -DHAVE_SYS_TYPES_H=1 -DHAVE_SYS_STAT_H=1 -DHAVE_STDLIB_H=1 -DHAVE_STRING_H=1 -DHAVE_MEMORY_H=1 -DHAVE_STRINGS_H=1 -DHAVE_INTTYPES_H=1 -DHAVE_STDINT_H=1 -DHAVE_UNISTD_H=1 -DHAVE_LIBCCLS=1'
DEPDIR='.deps'
ECHO_C=''
ECHO_N='-n'
ECHO_T=''
EGREP='/bin/grep -E'
EXEEXT=''
GMSGFMT='/usr/bin/msgfmt'
GREP='/bin/grep'
INSTALL_DATA='${INSTALL} -m 644'
INSTALL_PROGRAM='${INSTALL}'
INSTALL_SCRIPT='${INSTALL}'
INSTALL_STRIP_PROGRAM='$(install_sh) -c -s'
INTLLIBS=''
INTLTOOL_CAVES_RULE='%.caves:     %.caves.in     $(INTLTOOL_MERGE) $(wildcard $(top_srcdir)/po/*.po) ; LC_ALL=C $(INTLTOOL_MERGE) -d -u -c $(top_builddir)/po/.intltool-merge-cache $(top_srcdir)/po $< $@'
INTLTOOL_DESKTOP_RULE='%.desktop:   %.desktop.in   $(INTLTOOL_MERGE) $(wildcard $(top_srcdir)/po/*.po) ; LC_ALL=C $(INTLTOOL_MERGE) -d -u -c $(top_builddir)/po/.intltool-merge-cache $(top_srcdir)/po $< $@'
INTLTOOL_DIRECTORY_RULE='%.directory: %.directory.in $(INTLTOOL_MERGE) $(wildcard $(top_srcdir)/po/*.po) ; LC_ALL=C $(INTLTOOL_MERGE) -d -u -c $(top_builddir)/po/.intltool-merge-cache $(top_srcdir)/po $< $@'
INTLTOOL_EXTRACT='/usr/bin/intltool-extract'
INTLTOOL_KBD_RULE='%.kbd:       %.kbd.in       $(INTLTOOL_MERGE) $(wildcard $(top_srcdir)/po/*.po) ; LC_ALL=C $(INTLTOOL_MERGE) -x -u -m -c $(top_builddir)/po/.intltool-merge-cache $(top_srcdir)/po $< $@'
INTLTOOL_KEYS_RULE='%.keys:      %.keys.in      $(INTLTOOL_MERGE) $(wildcard $(top_srcdir)/po/*.po) ; LC_ALL=C $(INTLTOOL_MERGE) -k -u -c $(top_builddir)/po/.intltool-merge-cache $(top_srcdir)/po $< $@'
INTLTOOL_MERGE='/usr/bin/intltool-merge'
INTLTOOL_OAF_RULE='%.oaf:       %.oaf.in       $(INTLTOOL_MERGE) $(wildcard $(top_srcdir)/po/*.po) ; LC_ALL=C $(INTLTOOL_MERGE) -o -p $(top_srcdir)/po $< $@'
INTLTOOL_PERL='/usr/bin/perl'
INTLTOOL_POLICY_RULE='%.policy:    %.policy.in    $(INTLTOOL_MERGE) $(wildcard $(top_srcdir)/po/*.po) ; LC_ALL=C $(INTLTOOL_MERGE) -x -u -c $(top_builddir)/po/.intltool-merge-cache $(top_srcdir)/po $< $@'
INTLTOOL_PONG_RULE='%.pong:      %.pong.in      $(INTLTOOL_MERGE) $(wildcard $(top_srcdir)/po/*.po) ; LC_ALL=C $(INTLTOOL_MERGE) -x -u -c $(top_builddir)/po/.intltool-merge-cache $(top_srcdir)/po $< $@'
INTLTOOL_PROP_RULE='%.prop:      %.prop.in      $(INTLTOOL_MERGE) $(wildcard $(top_srcdir)/po/*.po) ; LC_ALL=C $(INTLTOOL_MERGE) -d -u -c $(top_builddir)/po/.intltool-merge-cache $(top_srcdir)/po $< $@'
INTLTOOL_SCHEMAS_RULE='%.schemas:   %.schemas.in   $(INTLTOOL_MERGE) $(wildcard $(top_srcdir)/po/*.po) ; LC_ALL=C $(INTLTOOL_MERGE) -s -u -c $(top_builddir)/po/.intltool-merge-cache $(top_srcdir)/po $< $@'
INTLTOOL_SERVER_RULE='%.server:    %.server.in    $(INTLTOOL_MERGE) $(wildcard $(top_srcdir)/po/*.po) ; LC_ALL=C $(INTLTOOL_MERGE) -o -u -c $(top_builddir)/po/.intltool-merge-cache $(top_srcdir)/po $< $@'
INTLTOOL_SERVICE_RULE='%.service: %.service.in   $(INTLTOOL_MERGE) $(wildcard $(top_srcdir)/po/*.po) ; LC_ALL=C $(INTLTOOL_MERGE) -d -u -c $(top_builddir)/po/.intltool-merge-cache $(top_srcdir)/po $< $@'
INTLTOOL_SHEET_RULE='%.sheet:     %.sheet.in     $(INTLTOOL_MERGE) $(wildcard $(top_srcdir)/po/*.po) ; LC_ALL=C $(INTLTOOL_MERGE) -x -u -c $(top_builddir)/po/.intltool-merge-cache $(top_srcdir)/po $< $@'
INTLTOOL_SOUNDLIST_RULE='%.soundlist: %.soundlist.in $(INTLTOOL_MERGE) $(wildcard $(top_srcdir)/po/*.po) ; LC_ALL=C $(INTLTOOL_MERGE) -d -u -c $(top_builddir)/po/.intltool-merge-cache $(top_srcdir)/po $< $@'
INTLTOOL_THEME_RULE='%.theme:     %.theme.in     $(INTLTOOL_MERGE) $(wildcard $(top_srcdir)/po/*.po) ; LC_ALL=C $(INTLTOOL_MERGE) -d -u -c $(top_builddir)/po/.intltool-merge-cache $(top_srcdir)/po $< $@'
INTLTOOL_UI_RULE='%.ui:        %.ui.in        $(INTLTOOL_MERGE) $(wildcard $(top_srcdir)/po/*.po) ; LC_ALL=C $(INTLTOOL_MERGE) -x -u -c $(top_builddir)/po/.intltool-merge-cache $(top_srcdir)/po $< $@'
INTLTOOL_UPDATE='/usr/bin/intltool-update'
INTLTOOL_XAM_RULE='%.xam:       %.xml.in       $(INTLTOOL_MERGE) $(wildcard $(top_srcdir)/po/*.po) ; LC_ALL=C $(INTLTOOL_MERGE) -x -u -c $(top_builddir)/po/.intltool-merge-cache $(top_srcdir)/po $< $@'
INTLTOOL_XML_NOMERGE_RULE='%.xml:       %.xml.in       $(INTLTOOL_MERGE) ; LC_ALL=C $(INTLTOOL_MERGE) -x -u /tmp $< $@'
INTLTOOL_XML_RULE='%.xml:       %.xml.in       $(INTLTOOL_MERGE) $(wildcard $(top_srcdir)/po/*.po) ; LC_ALL=C $(INTLTOOL_MERGE) -x -u -c $(top_builddir)/po/.intltool-merge-cache $(top_srcdir)/po $< $@'
INTL_MACOSX_LIBS=''
LDFLAGS=''
LIBICONV='-liconv'
LIBINTL=''
LIBOBJS=''
LIBS='-lccls -lFOX-1.6 -lccls -lFOX-1.6 -lpthread'
LTLIBICONV='-liconv'
LTLIBINTL=''
LTLIBOBJS=''
MAKEINFO='${SHELL} /mnt/mnt2/Programs/Money/PointOfSale/mkahawa/git-rep/mkahawa-srv/missing --run makeinfo'
MKAHAWA_MAJOR_VERSION='0'
MKAHAWA_MINOR_VERSION='0'
MKAHAWA_PATCH_LEVEL='4'
MKDIR_P='/bin/mkdir -p'
MKINSTALLDIRS='$(top_builddir)/./mkinstalldirs'
MSGFMT='/usr/bin/msgfmt'
MSGMERGE='/usr/bin/msgmerge'
OBJEXT='o'
PACKAGE='mkahawa'
PACKAGE_BUGREPORT=''
PACKAGE_NAME=''
PACKAGE_STRING=''
PACKAGE_TARNAME=''
PACKAGE_URL=''
PACKAGE_VERSION=''
PATH_SEPARATOR=':'
POSUB='po'
SET_MAKE=''
SHELL='/bin/bash'
STRIP=''
USE_NLS='yes'
VERSION='0.0.4'
XGETTEXT='/usr/bin/xgettext'
XMKMF=''
X_BASE_LIBS='-lX11'
X_CFLAGS=''
X_EXTRA_LIBS=''
X_LIBS=''
X_PRE_LIBS=' -lSM -lICE'
ac_ct_CC='gcc'
ac_ct_CXX='g++'
am__EXEEXT_FALSE=''
am__EXEEXT_TRUE='#'
am__fastdepCC_FALSE='#'
am__fastdepCC_TRUE=''
am__fastdepCXX_FALSE='#'
am__fastdepCXX_TRUE=''
am__include='include'
am__isrc=''
am__leading_dot='.'
am__quote=''
am__tar='${AMTAR} chof - "$$tardir"'
am__untar='${AMTAR} xf -'
bindir='${exec_prefix}/bin'
build='x86_64-pc-linux-gnu'
build_alias=''
build_cpu='x86_64'
build_os='linux-gnu'
build_vendor='pc'
datadir='${datarootdir}'
datarootdir='${prefix}/share'
docdir='${datarootdir}/doc/${PACKAGE}'
dvidir='${docdir}'
exec_prefix='${prefix}'
host='x86_64-pc-linux-gnu'
host_alias=''
host_cpu='x86_64'
host_os='linux-gnu'
host_vendor='pc'
htmldir='${docdir}'
includedir='${prefix}/include'
infodir='${datarootdir}/info'
install_sh='${SHELL} /mnt/mnt2/Programs/Money/PointOfSale/mkahawa/git-rep/mkahawa-srv/install-sh'
libdir='${exec_prefix}/lib'
libexecdir='${exec_prefix}/libexec'
localedir='${datarootdir}/locale'
localstatedir='${prefix}/var'
mandir='${datarootdir}/man'
mkdir_p='/bin/mkdir -p'
oldincludedir='/usr/include'
pdfdir='${docdir}'
prefix='/usr/local'
program_transform_name='s,x,x,'
psdir='${docdir}'
runstatedir='${localstatedir}/run'
sbindir='${exec_prefix}/sbin'
sharedstatedir='${prefix}/com'
sysconfdir='${prefix}/etc'
target_alias=''

## ----------- ##
## confdefs.h. ##
## ----------- ##

/* confdefs.h */
#define PACKAGE_NAME ""
#define PACKAGE_TARNAME ""
#define PACKAGE_VERSION ""
#define PACKAGE_STRING ""
#define PACKAGE_BUGREPORT ""
#define PACKAGE_URL ""
#define PACKAGE "mkahawa"
#define VERSION "0.0.4"
#define ENABLE_NLS 1
#define HAVE_GETTEXT 1
#define HAVE_DCGETTEXT 1
#define HAVE_LIBFOX_1_6 1
#define STDC_HEADERS 1
#define HAVE_SYS_TYPES_H 1
#define HAVE_SYS_STAT_H 1
#define HAVE_STDLIB_H 1
#define HAVE_STRING_H 1
#define HAVE_MEMORY_H 1
#define HAVE_STRINGS_H 1
#define HAVE_INTTYPES_H 1
#define HAVE_STDINT_H 1
#define HAVE_UNISTD_H 1
#define HAVE_LIBCCLS 1

configure: exit 0

## ---------------------- ##
## Running config.status. ##
## ---------------------- ##

This file was extended by config.status, which was
generated by GNU Autoconf 2.69.  Invocation command line was

  CONFIG_FILES    = 
  CONFIG_HEADERS  = 
  CONFIG_LINKS    = 
  CONFIG_COMMANDS = 
  $ ./config.status 

on clay-TECRA-R850

config.status:864: creating po/Makefile.in
config.status:972: WARNING:  'po/Makefile.in.in' seems to ignore the --datarootdir setting
config.status:864: creating m4/Makefile
config.status:864: creating Makefile
config.status:864: creating src/Makefile
config.status:1036: executing depfiles commands
config.status:1036: executing default-1 commands
config.status:1036: executing po/stamp-it commands
config.status:1252: error: po/Makefile.in.in was not created by intltoolize.
